f:\project\main\release\vc142.pdb
f:\project\main\release\md5.obj
f:\project\main\release\manifest.obj
f:\project\main\release\cjsonobject.obj
f:\project\main\release\settingview.obj
f:\project\main\release\main.obj
f:\project\main\release\cinconfigname.obj
f:\project\main\release\buildview.obj
f:\project\main\release\aboutdlg.obj
f:\project\main\release\cjson.obj
f:\project\main\release\zip.obj
f:\project\main\release\main.pch
f:\project\main\release\pch.obj
f:\project\main\release\main.exe
f:\project\main\release\main.pdb
f:\project\main\release\main.ipdb
f:\project\main\release\main.iobj
f:\project\main\release\main.res
f:\project\main\release\main.tlog\cl.command.1.tlog
f:\project\main\release\main.tlog\cl.read.1.tlog
f:\project\main\release\main.tlog\cl.write.1.tlog
f:\project\main\release\main.tlog\link.command.1.tlog
f:\project\main\release\main.tlog\link.read.1.tlog
f:\project\main\release\main.tlog\link.write.1.tlog
f:\project\main\release\main.tlog\main.write.1u.tlog
f:\project\main\release\main.tlog\rc.command.1.tlog
f:\project\main\release\main.tlog\rc.read.1.tlog
f:\project\main\release\main.tlog\rc.write.1.tlog
